{"C:\\Users\\nbattul\\vue-projects\\formal-assessment\\src\\app.vue": {"path":"C:\\Users\\nbattul\\vue-projects\\formal-assessment\\src\\app.vue","statementMap":{"0":{"start":{"line":8,"column":0},"end":{"line":8,"column":null}}},"fnMap":{},"branchMap":{},"s":{"0":1},"f":{},"b":{}}
,"C:\\Users\\nbattul\\vue-projects\\formal-assessment\\src\\components\\weather\\searchCityWidget.vue": {"path":"C:\\Users\\nbattul\\vue-projects\\formal-assessment\\src\\components\\weather\\searchCityWidget.vue","statementMap":{"0":{"start":{"line":15,"column":0},"end":{"line":15,"column":null}},"1":{"start":{"line":16,"column":0},"end":{"line":16,"column":null}},"2":{"start":{"line":21,"column":0},"end":{"line":21,"column":null}},"3":{"start":{"line":27,"column":0},"end":{"line":27,"column":null}},"4":{"start":{"line":28,"column":0},"end":{"line":30,"column":null}},"5":{"start":{"line":29,"column":0},"end":{"line":29,"column":null}},"6":{"start":{"line":33,"column":0},"end":{"line":33,"column":null}},"7":{"start":{"line":36,"column":0},"end":{"line":36,"column":null}},"8":{"start":{"line":38,"column":0},"end":{"line":38,"column":null}},"9":{"start":{"line":39,"column":0},"end":{"line":39,"column":null}},"10":{"start":{"line":42,"column":0},"end":{"line":42,"column":null}}},"fnMap":{"0":{"name":"(anonymous_1)","decl":{"start":{"line":20,"column":0},"end":{"line":20,"column":null}},"loc":{"start":{"line":20,"column":0},"end":{"line":24,"column":null}}},"1":{"name":"(anonymous_2)","decl":{"start":{"line":26,"column":0},"end":{"line":26,"column":null}},"loc":{"start":{"line":26,"column":0},"end":{"line":31,"column":null}}},"2":{"name":"(anonymous_3)","decl":{"start":{"line":32,"column":0},"end":{"line":32,"column":null}},"loc":{"start":{"line":32,"column":0},"end":{"line":40,"column":null}}},"3":{"name":"(anonymous_4)","decl":{"start":{"line":33,"column":0},"end":{"line":33,"column":null}},"loc":{"start":{"line":33,"column":0},"end":{"line":33,"column":null}}},"4":{"name":"(anonymous_5)","decl":{"start":{"line":41,"column":0},"end":{"line":41,"column":null}},"loc":{"start":{"line":41,"column":0},"end":{"line":43,"column":null}}}},"branchMap":{"0":{"loc":{"start":{"line":28,"column":0},"end":{"line":30,"column":null}},"type":"if","locations":[{"start":{"line":28,"column":0},"end":{"line":30,"column":null}},{"start":{"line":28,"column":0},"end":{"line":30,"column":null}}]},"1":{"loc":{"start":{"line":36,"column":0},"end":{"line":36,"column":null}},"type":"if","locations":[{"start":{"line":36,"column":0},"end":{"line":36,"column":null}},{"start":{"line":36,"column":0},"end":{"line":36,"column":null}}]}},"s":{"0":2,"1":2,"2":4,"3":0,"4":0,"5":0,"6":0,"7":0,"8":0,"9":0,"10":0},"f":{"0":4,"1":0,"2":0,"3":0,"4":0},"b":{"0":[0,0],"1":[0,0]}}
,"C:\\Users\\nbattul\\vue-projects\\formal-assessment\\src\\components\\weather\\weatherWidget.vue": {"path":"C:\\Users\\nbattul\\vue-projects\\formal-assessment\\src\\components\\weather\\weatherWidget.vue","statementMap":{"0":{"start":{"line":26,"column":0},"end":{"line":26,"column":null}},"1":{"start":{"line":27,"column":0},"end":{"line":27,"column":null}},"2":{"start":{"line":28,"column":0},"end":{"line":28,"column":null}},"3":{"start":{"line":36,"column":0},"end":{"line":36,"column":null}},"4":{"start":{"line":47,"column":0},"end":{"line":47,"column":null}},"5":{"start":{"line":48,"column":0},"end":{"line":48,"column":null}},"6":{"start":{"line":51,"column":0},"end":{"line":51,"column":null}},"7":{"start":{"line":57,"column":0},"end":{"line":57,"column":null}},"8":{"start":{"line":60,"column":0},"end":{"line":60,"column":null}},"9":{"start":{"line":63,"column":0},"end":{"line":63,"column":null}},"10":{"start":{"line":66,"column":0},"end":{"line":66,"column":null}},"11":{"start":{"line":67,"column":0},"end":{"line":67,"column":null}},"12":{"start":{"line":68,"column":0},"end":{"line":74,"column":null}},"13":{"start":{"line":69,"column":0},"end":{"line":69,"column":null}},"14":{"start":{"line":70,"column":0},"end":{"line":70,"column":null}},"15":{"start":{"line":71,"column":0},"end":{"line":71,"column":null}},"16":{"start":{"line":72,"column":0},"end":{"line":72,"column":null}},"17":{"start":{"line":73,"column":0},"end":{"line":73,"column":null}},"18":{"start":{"line":77,"column":0},"end":{"line":77,"column":null}},"19":{"start":{"line":78,"column":0},"end":{"line":78,"column":null}},"20":{"start":{"line":79,"column":0},"end":{"line":79,"column":null}},"21":{"start":{"line":80,"column":0},"end":{"line":80,"column":null}},"22":{"start":{"line":81,"column":0},"end":{"line":81,"column":null}}},"fnMap":{"0":{"name":"(anonymous_1)","decl":{"start":{"line":35,"column":0},"end":{"line":35,"column":null}},"loc":{"start":{"line":35,"column":0},"end":{"line":44,"column":null}}},"1":{"name":"(anonymous_2)","decl":{"start":{"line":46,"column":0},"end":{"line":46,"column":null}},"loc":{"start":{"line":46,"column":0},"end":{"line":49,"column":null}}},"2":{"name":"(anonymous_3)","decl":{"start":{"line":50,"column":0},"end":{"line":50,"column":null}},"loc":{"start":{"line":50,"column":0},"end":{"line":53,"column":null}}},"3":{"name":"(anonymous_4)","decl":{"start":{"line":56,"column":0},"end":{"line":56,"column":null}},"loc":{"start":{"line":56,"column":0},"end":{"line":58,"column":null}}},"4":{"name":"(anonymous_5)","decl":{"start":{"line":59,"column":0},"end":{"line":59,"column":null}},"loc":{"start":{"line":59,"column":0},"end":{"line":61,"column":null}}},"5":{"name":"(anonymous_6)","decl":{"start":{"line":62,"column":0},"end":{"line":62,"column":null}},"loc":{"start":{"line":62,"column":0},"end":{"line":64,"column":null}}},"6":{"name":"(anonymous_7)","decl":{"start":{"line":65,"column":0},"end":{"line":65,"column":null}},"loc":{"start":{"line":65,"column":0},"end":{"line":75,"column":null}}},"7":{"name":"(anonymous_8)","decl":{"start":{"line":68,"column":0},"end":{"line":68,"column":null}},"loc":{"start":{"line":68,"column":0},"end":{"line":74,"column":null}}},"8":{"name":"(anonymous_9)","decl":{"start":{"line":76,"column":0},"end":{"line":76,"column":null}},"loc":{"start":{"line":76,"column":0},"end":{"line":82,"column":null}}}},"branchMap":{"0":{"loc":{"start":{"line":51,"column":0},"end":{"line":51,"column":null}},"type":"binary-expr","locations":[{"start":{"line":51,"column":0},"end":{"line":51,"column":null}},{"start":{"line":51,"column":0},"end":{"line":51,"column":null}}]}},"s":{"0":1,"1":1,"2":1,"3":0,"4":0,"5":0,"6":0,"7":0,"8":0,"9":0,"10":0,"11":0,"12":0,"13":0,"14":0,"15":0,"16":0,"17":0,"18":0,"19":0,"20":0,"21":0,"22":0},"f":{"0":0,"1":0,"2":0,"3":0,"4":0,"5":0,"6":0,"7":0,"8":0},"b":{"0":[0,0]}}
,"C:\\Users\\nbattul\\vue-projects\\formal-assessment\\src\\services\\clientApi.js": {"path":"C:\\Users\\nbattul\\vue-projects\\formal-assessment\\src\\services\\clientApi.js","statementMap":{"0":{"start":{"line":3,"column":16},"end":{"line":3,"column":48}},"1":{"start":{"line":5,"column":18},"end":{"line":13,"column":2}},"2":{"start":{"line":15,"column":0},"end":{"line":18,"column":2}},"3":{"start":{"line":16,"column":16},"end":{"line":16,"column":29}},"4":{"start":{"line":17,"column":13},"end":{"line":17,"column":34}}},"fnMap":{"0":{"name":"(anonymous_0)","decl":{"start":{"line":16,"column":2},"end":{"line":16,"column":3}},"loc":{"start":{"line":16,"column":16},"end":{"line":16,"column":29}},"line":16},"1":{"name":"(anonymous_1)","decl":{"start":{"line":17,"column":2},"end":{"line":17,"column":3}},"loc":{"start":{"line":17,"column":13},"end":{"line":17,"column":34}},"line":17}},"branchMap":{},"s":{"0":4,"1":4,"2":4,"3":0,"4":0},"f":{"0":0,"1":0},"b":{},"_coverageSchema":"43e27e138ebf9cfc5966b082cf9a028302ed4184","hash":"20923d0058169055c1ba91a7cbcfe4f5bc8965a5"}
,"C:\\Users\\nbattul\\vue-projects\\formal-assessment\\src\\services\\weatherService.js": {"path":"C:\\Users\\nbattul\\vue-projects\\formal-assessment\\src\\services\\weatherService.js","statementMap":{"0":{"start":{"line":5,"column":33},"end":{"line":5,"column":93}},"1":{"start":{"line":5,"column":41},"end":{"line":5,"column":93}}},"fnMap":{"0":{"name":"(anonymous_0)","decl":{"start":{"line":5,"column":33},"end":{"line":5,"column":34}},"loc":{"start":{"line":5,"column":41},"end":{"line":5,"column":93}},"line":5}},"branchMap":{},"s":{"0":3,"1":1},"f":{"0":1},"b":{},"_coverageSchema":"43e27e138ebf9cfc5966b082cf9a028302ed4184","hash":"ccbf0f85ba0d41fe51981678f86eef99c63bc40f"}
,"C:\\Users\\nbattul\\vue-projects\\formal-assessment\\src\\shared\\appConstants.js": {"path":"C:\\Users\\nbattul\\vue-projects\\formal-assessment\\src\\shared\\appConstants.js","statementMap":{"0":{"start":{"line":1,"column":22},"end":{"line":1,"column":56}},"1":{"start":{"line":2,"column":26},"end":{"line":2,"column":49}},"2":{"start":{"line":3,"column":27},"end":{"line":8,"column":1}}},"fnMap":{},"branchMap":{},"s":{"0":6,"1":6,"2":6},"f":{},"b":{},"_coverageSchema":"43e27e138ebf9cfc5966b082cf9a028302ed4184","hash":"fc6ed3c36932c8c50d85ef484d865852b2a899aa"}
,"C:\\Users\\nbattul\\vue-projects\\formal-assessment\\src\\shared\\cityList.js": {"path":"C:\\Users\\nbattul\\vue-projects\\formal-assessment\\src\\shared\\cityList.js","statementMap":{"0":{"start":{"line":2,"column":22},"end":{"line":93,"column":1}}},"fnMap":{},"branchMap":{},"s":{"0":2},"f":{},"b":{},"_coverageSchema":"43e27e138ebf9cfc5966b082cf9a028302ed4184","hash":"6a83b6995b9bdcc3d954f0b7e84ad5fa295108ca"}
,"C:\\Users\\nbattul\\vue-projects\\formal-assessment\\src\\shared\\utilities\\getNextFiveDaysData.js": {"path":"C:\\Users\\nbattul\\vue-projects\\formal-assessment\\src\\shared\\utilities\\getNextFiveDaysData.js","statementMap":{"0":{"start":{"line":2,"column":35},"end":{"line":7,"column":1}},"1":{"start":{"line":3,"column":18},"end":{"line":3,"column":84}},"2":{"start":{"line":4,"column":2},"end":{"line":4,"column":27}},"3":{"start":{"line":5,"column":22},"end":{"line":5,"column":68}},"4":{"start":{"line":5,"column":52},"end":{"line":5,"column":67}},"5":{"start":{"line":6,"column":2},"end":{"line":6,"column":21}}},"fnMap":{"0":{"name":"(anonymous_0)","decl":{"start":{"line":2,"column":35},"end":{"line":2,"column":36}},"loc":{"start":{"line":2,"column":55},"end":{"line":7,"column":1}},"line":2},"1":{"name":"(anonymous_1)","decl":{"start":{"line":5,"column":42},"end":{"line":5,"column":43}},"loc":{"start":{"line":5,"column":52},"end":{"line":5,"column":67}},"line":5}},"branchMap":{"0":{"loc":{"start":{"line":3,"column":18},"end":{"line":3,"column":84}},"type":"cond-expr","locations":[{"start":{"line":3,"column":58},"end":{"line":3,"column":79}},{"start":{"line":3,"column":82},"end":{"line":3,"column":84}}],"line":3},"1":{"loc":{"start":{"line":3,"column":18},"end":{"line":3,"column":55}},"type":"binary-expr","locations":[{"start":{"line":3,"column":18},"end":{"line":3,"column":32}},{"start":{"line":3,"column":36},"end":{"line":3,"column":55}}],"line":3}},"s":{"0":3,"1":2,"2":2,"3":1,"4":8,"5":1},"f":{"0":2,"1":8},"b":{"0":[1,1],"1":[2,2]},"_coverageSchema":"43e27e138ebf9cfc5966b082cf9a028302ed4184","hash":"4e63fa7dd80abc0e4907eb23c3b5180a1c3f2c48"}
,"C:\\Users\\nbattul\\vue-projects\\formal-assessment\\src\\shared\\utilities\\temperature-unit-convertor.js": {"path":"C:\\Users\\nbattul\\vue-projects\\formal-assessment\\src\\shared\\utilities\\temperature-unit-convertor.js","statementMap":{"0":{"start":{"line":1,"column":23},"end":{"line":4,"column":1}},"1":{"start":{"line":2,"column":24},"end":{"line":2,"column":55}},"2":{"start":{"line":3,"column":2},"end":{"line":3,"column":23}},"3":{"start":{"line":6,"column":26},"end":{"line":9,"column":1}},"4":{"start":{"line":7,"column":26},"end":{"line":7,"column":70}},"5":{"start":{"line":8,"column":2},"end":{"line":8,"column":25}}},"fnMap":{"0":{"name":"(anonymous_0)","decl":{"start":{"line":1,"column":23},"end":{"line":1,"column":24}},"loc":{"start":{"line":1,"column":39},"end":{"line":4,"column":1}},"line":1},"1":{"name":"(anonymous_1)","decl":{"start":{"line":6,"column":26},"end":{"line":6,"column":27}},"loc":{"start":{"line":6,"column":42},"end":{"line":9,"column":1}},"line":6}},"branchMap":{},"s":{"0":2,"1":1,"2":1,"3":2,"4":1,"5":1},"f":{"0":1,"1":1},"b":{},"_coverageSchema":"43e27e138ebf9cfc5966b082cf9a028302ed4184","hash":"eb250c3441257c6b0e96ef1c8894afaf7ba96dca"}
,"C:\\Users\\nbattul\\vue-projects\\formal-assessment\\src\\shared\\utilities\\weatherIcons.js": {"path":"C:\\Users\\nbattul\\vue-projects\\formal-assessment\\src\\shared\\utilities\\weatherIcons.js","statementMap":{"0":{"start":{"line":2,"column":24},"end":{"line":16,"column":1}},"1":{"start":{"line":3,"column":21},"end":{"line":3,"column":44}},"2":{"start":{"line":4,"column":18},"end":{"line":14,"column":3}},"3":{"start":{"line":15,"column":2},"end":{"line":15,"column":68}}},"fnMap":{"0":{"name":"(anonymous_0)","decl":{"start":{"line":2,"column":24},"end":{"line":2,"column":25}},"loc":{"start":{"line":2,"column":34},"end":{"line":16,"column":1}},"line":2}},"branchMap":{"0":{"loc":{"start":{"line":15,"column":9},"end":{"line":15,"column":67}},"type":"cond-expr","locations":[{"start":{"line":15,"column":31},"end":{"line":15,"column":50}},{"start":{"line":15,"column":53},"end":{"line":15,"column":67}}],"line":15}},"s":{"0":2,"1":2,"2":2,"3":2},"f":{"0":2},"b":{"0":[1,1]},"_coverageSchema":"43e27e138ebf9cfc5966b082cf9a028302ed4184","hash":"05370dbb918c2c57f16c2da369824ed1dcc5151f"}
,"C:\\Users\\nbattul\\vue-projects\\formal-assessment\\src\\store\\index.js": {"path":"C:\\Users\\nbattul\\vue-projects\\formal-assessment\\src\\store\\index.js","statementMap":{"0":{"start":{"line":5,"column":0},"end":{"line":5,"column":14}}},"fnMap":{},"branchMap":{},"s":{"0":1},"f":{},"b":{},"_coverageSchema":"43e27e138ebf9cfc5966b082cf9a028302ed4184","hash":"e8d1d4b45c8e1f9de9132769471964cf3c996df0"}
,"C:\\Users\\nbattul\\vue-projects\\formal-assessment\\src\\store\\modules\\handleErrors.js": {"path":"C:\\Users\\nbattul\\vue-projects\\formal-assessment\\src\\store\\modules\\handleErrors.js","statementMap":{"0":{"start":{"line":1,"column":21},"end":{"line":3,"column":1}},"1":{"start":{"line":2,"column":2},"end":{"line":2,"column":53}}},"fnMap":{"0":{"name":"(anonymous_0)","decl":{"start":{"line":1,"column":21},"end":{"line":1,"column":22}},"loc":{"start":{"line":1,"column":61},"end":{"line":3,"column":1}},"line":1}},"branchMap":{},"s":{"0":3,"1":2},"f":{"0":2},"b":{},"_coverageSchema":"43e27e138ebf9cfc5966b082cf9a028302ed4184","hash":"12d9e379e5d93b70de08b756ac37099ccb216d98"}
,"C:\\Users\\nbattul\\vue-projects\\formal-assessment\\src\\store\\modules\\weather-forecast\\actions.js": {"path":"C:\\Users\\nbattul\\vue-projects\\formal-assessment\\src\\store\\modules\\weather-forecast\\actions.js","statementMap":{"0":{"start":{"line":7,"column":23},"end":{"line":22,"column":1}},"1":{"start":{"line":9,"column":4},"end":{"line":20,"column":9}},"2":{"start":{"line":11,"column":29},"end":{"line":11,"column":64}},"3":{"start":{"line":12,"column":8},"end":{"line":12,"column":52}},"4":{"start":{"line":15,"column":29},"end":{"line":18,"column":9}},"5":{"start":{"line":19,"column":8},"end":{"line":19,"column":74}}},"fnMap":{"0":{"name":"(anonymous_0)","decl":{"start":{"line":8,"column":2},"end":{"line":8,"column":3}},"loc":{"start":{"line":8,"column":62},"end":{"line":21,"column":3}},"line":8},"1":{"name":"(anonymous_1)","decl":{"start":{"line":10,"column":12},"end":{"line":10,"column":13}},"loc":{"start":{"line":10,"column":32},"end":{"line":13,"column":7}},"line":10},"2":{"name":"(anonymous_2)","decl":{"start":{"line":14,"column":13},"end":{"line":14,"column":14}},"loc":{"start":{"line":14,"column":24},"end":{"line":20,"column":7}},"line":14}},"branchMap":{},"s":{"0":2,"1":2,"2":1,"3":0,"4":2,"5":2},"f":{"0":2,"1":1,"2":2},"b":{},"_coverageSchema":"43e27e138ebf9cfc5966b082cf9a028302ed4184","hash":"8296196e9d2bfed91a7459c1f37a59db16b29f22"}
,"C:\\Users\\nbattul\\vue-projects\\formal-assessment\\src\\store\\modules\\weather-forecast\\index.js": {"path":"C:\\Users\\nbattul\\vue-projects\\formal-assessment\\src\\store\\modules\\weather-forecast\\index.js","statementMap":{"0":{"start":{"line":1,"column":26},"end":{"line":1,"column":30}},"1":{"start":{"line":7,"column":21},"end":{"line":9,"column":1}},"2":{"start":{"line":11,"column":23},"end":{"line":11,"column":25}}},"fnMap":{},"branchMap":{},"s":{"0":1,"1":1,"2":1},"f":{},"b":{},"_coverageSchema":"43e27e138ebf9cfc5966b082cf9a028302ed4184","hash":"373c433fc15e91570d7815d0ccf7762c7582b96d"}
,"C:\\Users\\nbattul\\vue-projects\\formal-assessment\\src\\store\\modules\\weather-forecast\\mutations.js": {"path":"C:\\Users\\nbattul\\vue-projects\\formal-assessment\\src\\store\\modules\\weather-forecast\\mutations.js","statementMap":{"0":{"start":{"line":1,"column":18},"end":{"line":5,"column":1}},"1":{"start":{"line":3,"column":4},"end":{"line":3,"column":42}}},"fnMap":{"0":{"name":"(anonymous_0)","decl":{"start":{"line":2,"column":2},"end":{"line":2,"column":3}},"loc":{"start":{"line":2,"column":45},"end":{"line":4,"column":3}},"line":2}},"branchMap":{},"s":{"0":2,"1":1},"f":{"0":1},"b":{},"_coverageSchema":"43e27e138ebf9cfc5966b082cf9a028302ed4184","hash":"6958562a4b7bd724e4b9865d2c6e9b41667f35af"}
,"C:\\Users\\nbattul\\vue-projects\\formal-assessment\\src\\views\\dashboard.vue": {"path":"C:\\Users\\nbattul\\vue-projects\\formal-assessment\\src\\views\\dashboard.vue","statementMap":{"0":{"start":{"line":9,"column":0},"end":{"line":9,"column":null}}},"fnMap":{},"branchMap":{},"s":{"0":1},"f":{},"b":{}}
,"C:\\Users\\nbattul\\vue-projects\\formal-assessment\\tests\\unit\\shared\\utilities\\weatherData.fixture.js": {"path":"C:\\Users\\nbattul\\vue-projects\\formal-assessment\\tests\\unit\\shared\\utilities\\weatherData.fixture.js","statementMap":{"0":{"start":{"line":1,"column":24},"end":{"line":289,"column":1}}},"fnMap":{},"branchMap":{},"s":{"0":1},"f":{},"b":{},"_coverageSchema":"43e27e138ebf9cfc5966b082cf9a028302ed4184","hash":"6d1f01d63b314b1b51aa5f51a815de32dda2e228"}
}
