TN:
SF:C:\Users\nbattul\vue-projects\formal-assessment\src\app.vue
FNF:0
FNH:0
DA:8,1
LF:1
LH:1
BRF:0
BRH:0
end_of_record
TN:
SF:C:\Users\nbattul\vue-projects\formal-assessment\src\components\weather\searchCityWidget.vue
FN:20,(anonymous_1)
FN:26,(anonymous_2)
FN:32,(anonymous_3)
FN:33,(anonymous_4)
FN:41,(anonymous_5)
FNF:5
FNH:1
FNDA:4,(anonymous_1)
FNDA:0,(anonymous_2)
FNDA:0,(anonymous_3)
FNDA:0,(anonymous_4)
FNDA:0,(anonymous_5)
DA:15,2
DA:16,2
DA:21,4
DA:27,0
DA:28,0
DA:29,0
DA:33,0
DA:36,0
DA:38,0
DA:39,0
DA:42,0
LF:11
LH:3
BRDA:28,0,0,0
BRDA:28,0,1,0
BRDA:36,1,0,0
BRDA:36,1,1,0
BRF:4
BRH:0
end_of_record
TN:
SF:C:\Users\nbattul\vue-projects\formal-assessment\src\components\weather\weatherWidget.vue
FN:35,(anonymous_1)
FN:46,(anonymous_2)
FN:50,(anonymous_3)
FN:56,(anonymous_4)
FN:59,(anonymous_5)
FN:62,(anonymous_6)
FN:65,(anonymous_7)
FN:68,(anonymous_8)
FN:76,(anonymous_9)
FNF:9
FNH:0
FNDA:0,(anonymous_1)
FNDA:0,(anonymous_2)
FNDA:0,(anonymous_3)
FNDA:0,(anonymous_4)
FNDA:0,(anonymous_5)
FNDA:0,(anonymous_6)
FNDA:0,(anonymous_7)
FNDA:0,(anonymous_8)
FNDA:0,(anonymous_9)
DA:26,1
DA:27,1
DA:28,1
DA:36,0
DA:47,0
DA:48,0
DA:51,0
DA:57,0
DA:60,0
DA:63,0
DA:66,0
DA:67,0
DA:68,0
DA:69,0
DA:70,0
DA:71,0
DA:72,0
DA:73,0
DA:77,0
DA:78,0
DA:79,0
DA:80,0
DA:81,0
LF:23
LH:3
BRDA:51,0,0,0
BRDA:51,0,1,0
BRF:2
BRH:0
end_of_record
TN:
SF:C:\Users\nbattul\vue-projects\formal-assessment\src\services\clientApi.js
FN:16,(anonymous_0)
FN:17,(anonymous_1)
FNF:2
FNH:0
FNDA:0,(anonymous_0)
FNDA:0,(anonymous_1)
DA:3,4
DA:5,4
DA:15,4
DA:16,0
DA:17,0
LF:5
LH:3
BRF:0
BRH:0
end_of_record
TN:
SF:C:\Users\nbattul\vue-projects\formal-assessment\src\services\weatherService.js
FN:5,(anonymous_0)
FNF:1
FNH:1
FNDA:1,(anonymous_0)
DA:5,3
LF:1
LH:1
BRF:0
BRH:0
end_of_record
TN:
SF:C:\Users\nbattul\vue-projects\formal-assessment\src\shared\appConstants.js
FNF:0
FNH:0
DA:1,6
DA:2,6
DA:3,6
LF:3
LH:3
BRF:0
BRH:0
end_of_record
TN:
SF:C:\Users\nbattul\vue-projects\formal-assessment\src\shared\cityList.js
FNF:0
FNH:0
DA:2,2
LF:1
LH:1
BRF:0
BRH:0
end_of_record
TN:
SF:C:\Users\nbattul\vue-projects\formal-assessment\src\shared\utilities\getNextFiveDaysData.js
FN:2,(anonymous_0)
FN:5,(anonymous_1)
FNF:2
FNH:2
FNDA:2,(anonymous_0)
FNDA:8,(anonymous_1)
DA:2,3
DA:3,2
DA:4,2
DA:5,8
DA:6,1
LF:5
LH:5
BRDA:3,0,0,1
BRDA:3,0,1,1
BRDA:3,1,0,2
BRDA:3,1,1,2
BRF:4
BRH:4
end_of_record
TN:
SF:C:\Users\nbattul\vue-projects\formal-assessment\src\shared\utilities\temperature-unit-convertor.js
FN:1,(anonymous_0)
FN:6,(anonymous_1)
FNF:2
FNH:2
FNDA:1,(anonymous_0)
FNDA:1,(anonymous_1)
DA:1,2
DA:2,1
DA:3,1
DA:6,2
DA:7,1
DA:8,1
LF:6
LH:6
BRF:0
BRH:0
end_of_record
TN:
SF:C:\Users\nbattul\vue-projects\formal-assessment\src\shared\utilities\weatherIcons.js
FN:2,(anonymous_0)
FNF:1
FNH:1
FNDA:2,(anonymous_0)
DA:2,2
DA:3,2
DA:4,2
DA:15,2
LF:4
LH:4
BRDA:15,0,0,1
BRDA:15,0,1,1
BRF:2
BRH:2
end_of_record
TN:
SF:C:\Users\nbattul\vue-projects\formal-assessment\src\store\index.js
FNF:0
FNH:0
DA:5,1
LF:1
LH:1
BRF:0
BRH:0
end_of_record
TN:
SF:C:\Users\nbattul\vue-projects\formal-assessment\src\store\modules\handleErrors.js
FN:1,(anonymous_0)
FNF:1
FNH:1
FNDA:2,(anonymous_0)
DA:1,3
DA:2,2
LF:2
LH:2
BRF:0
BRH:0
end_of_record
TN:
SF:C:\Users\nbattul\vue-projects\formal-assessment\src\store\modules\weather-forecast\actions.js
FN:8,(anonymous_0)
FN:10,(anonymous_1)
FN:14,(anonymous_2)
FNF:3
FNH:3
FNDA:2,(anonymous_0)
FNDA:1,(anonymous_1)
FNDA:2,(anonymous_2)
DA:7,2
DA:9,2
DA:11,1
DA:12,0
DA:15,2
DA:19,2
LF:6
LH:5
BRF:0
BRH:0
end_of_record
TN:
SF:C:\Users\nbattul\vue-projects\formal-assessment\src\store\modules\weather-forecast\index.js
FNF:0
FNH:0
DA:1,1
DA:7,1
DA:11,1
LF:3
LH:3
BRF:0
BRH:0
end_of_record
TN:
SF:C:\Users\nbattul\vue-projects\formal-assessment\src\store\modules\weather-forecast\mutations.js
FN:2,(anonymous_0)
FNF:1
FNH:1
FNDA:1,(anonymous_0)
DA:1,2
DA:3,1
LF:2
LH:2
BRF:0
BRH:0
end_of_record
TN:
SF:C:\Users\nbattul\vue-projects\formal-assessment\src\views\dashboard.vue
FNF:0
FNH:0
DA:9,1
LF:1
LH:1
BRF:0
BRH:0
end_of_record
TN:
SF:C:\Users\nbattul\vue-projects\formal-assessment\tests\unit\shared\utilities\weatherData.fixture.js
FNF:0
FNH:0
DA:1,1
LF:1
LH:1
BRF:0
BRH:0
end_of_record
